{"/Users/tahminaringer/Documents/code401/server-deployment-practice/server.js": {"path":"/Users/tahminaringer/Documents/code401/server-deployment-practice/server.js","statementMap":{"0":{"start":{"line":4,"column":0},"end":{"line":4,"column":27}},"1":{"start":{"line":5,"column":16},"end":{"line":5,"column":34}},"2":{"start":{"line":6,"column":12},"end":{"line":6,"column":21}},"3":{"start":{"line":9,"column":24},"end":{"line":9,"column":49}},"4":{"start":{"line":10,"column":21},"end":{"line":10,"column":46}},"5":{"start":{"line":13,"column":0},"end":{"line":13,"column":25}},"6":{"start":{"line":14,"column":0},"end":{"line":14,"column":29}},"7":{"start":{"line":15,"column":0},"end":{"line":18,"column":2}},"8":{"start":{"line":17,"column":2},"end":{"line":17,"column":24}},"9":{"start":{"line":19,"column":0},"end":{"line":19,"column":30}},"10":{"start":{"line":22,"column":0},"end":{"line":22,"column":22}},"11":{"start":{"line":26,"column":2},"end":{"line":26,"column":38}},"12":{"start":{"line":30,"column":20},"end":{"line":34,"column":3}},"13":{"start":{"line":36,"column":2},"end":{"line":36,"column":34}},"14":{"start":{"line":42,"column":2},"end":{"line":42,"column":72}},"15":{"start":{"line":42,"column":25},"end":{"line":42,"column":70}},"16":{"start":{"line":45,"column":0},"end":{"line":48,"column":1}}},"fnMap":{"0":{"name":"(anonymous_0)","decl":{"start":{"line":15,"column":16},"end":{"line":15,"column":17}},"loc":{"start":{"line":15,"column":36},"end":{"line":18,"column":1}},"line":15},"1":{"name":"renderHome","decl":{"start":{"line":25,"column":9},"end":{"line":25,"column":19}},"loc":{"start":{"line":25,"column":29},"end":{"line":27,"column":1}},"line":25},"2":{"name":"renderData","decl":{"start":{"line":29,"column":9},"end":{"line":29,"column":19}},"loc":{"start":{"line":29,"column":35},"end":{"line":37,"column":1}},"line":29},"3":{"name":"start","decl":{"start":{"line":41,"column":9},"end":{"line":41,"column":14}},"loc":{"start":{"line":41,"column":21},"end":{"line":43,"column":1}},"line":41},"4":{"name":"(anonymous_4)","decl":{"start":{"line":42,"column":19},"end":{"line":42,"column":20}},"loc":{"start":{"line":42,"column":25},"end":{"line":42,"column":70}},"line":42}},"branchMap":{},"s":{"0":1,"1":1,"2":1,"3":1,"4":1,"5":1,"6":1,"7":1,"8":1,"9":1,"10":1,"11":1,"12":2,"13":2,"14":0,"15":0,"16":1},"f":{"0":1,"1":1,"2":2,"3":0,"4":0},"b":{},"_coverageSchema":"1a1c01bbd47fc00a2c39e90264f33305004495a9","hash":"2b0625e073de1acc10d3d26212a4c7e6150b55ce"}
,"/Users/tahminaringer/Documents/code401/server-deployment-practice/handlers/404.js": {"path":"/Users/tahminaringer/Documents/code401/server-deployment-practice/handlers/404.js","statementMap":{"0":{"start":{"line":2,"column":2},"end":{"line":2,"column":36}},"1":{"start":{"line":5,"column":0},"end":{"line":5,"column":26}}},"fnMap":{"0":{"name":"notFound","decl":{"start":{"line":1,"column":9},"end":{"line":1,"column":17}},"loc":{"start":{"line":1,"column":27},"end":{"line":3,"column":1}},"line":1}},"branchMap":{},"s":{"0":1,"1":1},"f":{"0":1},"b":{},"_coverageSchema":"1a1c01bbd47fc00a2c39e90264f33305004495a9","hash":"89c3f364a1bf304e567eac56319d98bd3631d9b0"}
,"/Users/tahminaringer/Documents/code401/server-deployment-practice/handlers/500.js": {"path":"/Users/tahminaringer/Documents/code401/server-deployment-practice/handlers/500.js","statementMap":{"0":{"start":{"line":1,"column":0},"end":{"line":7,"column":1}},"1":{"start":{"line":2,"column":2},"end":{"line":6,"column":4}}},"fnMap":{"0":{"name":"(anonymous_0)","decl":{"start":{"line":1,"column":17},"end":{"line":1,"column":18}},"loc":{"start":{"line":1,"column":44},"end":{"line":7,"column":1}},"line":1}},"branchMap":{},"s":{"0":1,"1":1},"f":{"0":1},"b":{},"_coverageSchema":"1a1c01bbd47fc00a2c39e90264f33305004495a9","hash":"832b97d583dbed860ba7012ae61f6a42ca973e94"}
}
