TN:
SF:server.js
FN:15,(anonymous_0)
FN:25,renderHome
FN:29,renderData
FN:41,start
FN:42,(anonymous_4)
FNF:5
FNH:3
FNDA:1,(anonymous_0)
FNDA:1,renderHome
FNDA:2,renderData
FNDA:0,start
FNDA:0,(anonymous_4)
DA:4,1
DA:5,1
DA:6,1
DA:9,1
DA:10,1
DA:13,1
DA:14,1
DA:15,1
DA:17,1
DA:19,1
DA:22,1
DA:26,1
DA:30,2
DA:36,2
DA:42,0
DA:45,1
LF:16
LH:15
BRF:0
BRH:0
end_of_record
TN:
SF:handlers/404.js
FN:1,notFound
FNF:1
FNH:1
FNDA:1,notFound
DA:2,1
DA:5,1
LF:2
LH:2
BRF:0
BRH:0
end_of_record
TN:
SF:handlers/500.js
FN:1,(anonymous_0)
FNF:1
FNH:1
FNDA:1,(anonymous_0)
DA:1,1
DA:2,1
LF:2
LH:2
BRF:0
BRH:0
end_of_record
